Start testing: Aug 30 18:59 PDT
----------------------------------------------------------
1/1 Testing: simcore_all
1/1 Test: simcore_all
Command: "/home/kbianco/projs/cpp-rt-car/build/tests/simcore_tests"
Directory: /home/kbianco/projs/cpp-rt-car/build/tests
"simcore_all" start time: Aug 30 18:59 PDT
Output:
----------------------------------------------------------
Running main() from /home/kbianco/projs/cpp-rt-car/external/googletest/googletest/src/gtest_main.cc
[==========] Running 19 tests from 16 test suites.
[----------] Global test environment set-up.
[----------] 1 test from SimCoreBasic
[ RUN      ] SimCoreBasic.RunsExactFrames
[       OK ] SimCoreBasic.RunsExactFrames (1200 ms)
[----------] 1 test from SimCoreBasic (1200 ms total)

[----------] 1 test from SimCoreDeterminism
[ RUN      ] SimCoreDeterminism.HashSameAcrossThreadCounts
[       OK ] SimCoreDeterminism.HashSameAcrossThreadCounts (3007 ms)
[----------] 1 test from SimCoreDeterminism (3007 ms total)

[----------] 1 test from Logger
[ RUN      ] Logger.RespectsLevel
[       OK ] Logger.RespectsLevel (0 ms)
[----------] 1 test from Logger (0 ms total)

[----------] 1 test from ProfilerIntegration
[ RUN      ] ProfilerIntegration.CollectsPhaseAndFrame
[       OK ] ProfilerIntegration.CollectsPhaseAndFrame (500 ms)
[----------] 1 test from ProfilerIntegration (500 ms total)

[----------] 1 test from AdaptiveParamTest
[ RUN      ] AdaptiveParamTest.DriftBounded
[       OK ] AdaptiveParamTest.DriftBounded (1500 ms)
[----------] 1 test from AdaptiveParamTest (1500 ms total)

[----------] 1 test from SoAData
[ RUN      ] SoAData.ContiguousAndCorrect
[       OK ] SoAData.ContiguousAndCorrect (0 ms)
[----------] 1 test from SoAData (0 ms total)

[----------] 1 test from JobQueue
[ RUN      ] JobQueue.ExecutesEveryJob
[       OK ] JobQueue.ExecutesEveryJob (14 ms)
[----------] 1 test from JobQueue (14 ms total)

[----------] 1 test from PhaseGraph
[ RUN      ] PhaseGraph.EnforcesDepsAndRunsParallelFrontier
[       OK ] PhaseGraph.EnforcesDepsAndRunsParallelFrontier (118 ms)
[----------] 1 test from PhaseGraph (118 ms total)

[----------] 3 tests from ChunkAutoTune
[ RUN      ] ChunkAutoTune.ManyElementsTargetsChunksPerThread
[       OK ] ChunkAutoTune.ManyElementsTargetsChunksPerThread (10 ms)
[ RUN      ] ChunkAutoTune.SmallArrayClampedByMinChunk
[       OK ] ChunkAutoTune.SmallArrayClampedByMinChunk (11 ms)
[ RUN      ] ChunkAutoTune.DisabledUsesFixedChunk
[       OK ] ChunkAutoTune.DisabledUsesFixedChunk (10 ms)
[----------] 3 tests from ChunkAutoTune (32 ms total)

[----------] 1 test from DeterministicReduction
[ RUN      ] DeterministicReduction.SumDoubleStableAcrossThreads
[       OK ] DeterministicReduction.SumDoubleStableAcrossThreads (47 ms)
[----------] 1 test from DeterministicReduction (47 ms total)

[----------] 1 test from BudgetMonitor
[ RUN      ] BudgetMonitor.TriggersCatchupWhenOverBudget
[       OK ] BudgetMonitor.TriggersCatchupWhenOverBudget (1201 ms)
[----------] 1 test from BudgetMonitor (1201 ms total)

[----------] 1 test from SIMD
[ RUN      ] SIMD.SoAAxpy3MatchesScalar
[       OK ] SIMD.SoAAxpy3MatchesScalar (1 ms)
[----------] 1 test from SIMD (1 ms total)

[----------] 1 test from RtPool
[ RUN      ] RtPool.DeterministicBindingAndUse
[       OK ] RtPool.DeterministicBindingAndUse (0 ms)
[----------] 1 test from RtPool (0 ms total)

[----------] 2 tests from RtArena
[ RUN      ] RtArena.BasicAllocAndReset
[       OK ] RtArena.BasicAllocAndReset (0 ms)
[ RUN      ] RtArena.DeathOnOverflow
[       OK ] RtArena.DeathOnOverflow (1 ms)
[----------] 2 tests from RtArena (1 ms total)

[----------] 1 test from BinaryTrace
[ RUN      ] BinaryTrace.RecordsPhasesAndChunks
[       OK ] BinaryTrace.RecordsPhasesAndChunks (100 ms)
[----------] 1 test from BinaryTrace (100 ms total)

[----------] 1 test from PredictiveAdaptive
[ RUN      ] PredictiveAdaptive.PrestepsReduceReactiveCatchup
[       OK ] PredictiveAdaptive.PrestepsReduceReactiveCatchup (1169 ms)
[----------] 1 test from PredictiveAdaptive (1169 ms total)

[----------] Global test environment tear-down
[==========] 19 tests from 16 test suites ran. (8898 ms total)
[  PASSED  ] 19 tests.
<end of output>
Test time =   8.90 sec
----------------------------------------------------------
Test Passed.
"simcore_all" end time: Aug 30 18:59 PDT
"simcore_all" time elapsed: 00:00:08
----------------------------------------------------------

End testing: Aug 30 18:59 PDT
