Start testing: Aug 12 21:43 MST
----------------------------------------------------------
1/1 Testing: simcore_all
1/1 Test: simcore_all
Command: "/mnt/c/Users/kianb/Projects/cpp-rt-car/tests/simcore_tests"
Directory: /mnt/c/Users/kianb/Projects/cpp-rt-car/tests
"simcore_all" start time: Aug 12 21:43 MST
Output:
----------------------------------------------------------
Running main() from /mnt/c/Users/kianb/Projects/cpp-rt-car/external/googletest/googletest/src/gtest_main.cc
[==========] Running 12 tests from 10 test suites.
[----------] Global test environment set-up.
[----------] 1 test from SimCoreBasic
[ RUN      ] SimCoreBasic.RunsExactFrames
[       OK ] SimCoreBasic.RunsExactFrames (1200 ms)
[----------] 1 test from SimCoreBasic (1200 ms total)

[----------] 1 test from SimCoreDeterminism
[ RUN      ] SimCoreDeterminism.HashSameAcrossThreadCounts
[       OK ] SimCoreDeterminism.HashSameAcrossThreadCounts (3000 ms)
[----------] 1 test from SimCoreDeterminism (3000 ms total)

[----------] 1 test from Logger
[ RUN      ] Logger.RespectsLevel
[       OK ] Logger.RespectsLevel (0 ms)
[----------] 1 test from Logger (0 ms total)

[----------] 1 test from ProfilerIntegration
[ RUN      ] ProfilerIntegration.CollectsPhaseAndFrame
[       OK ] ProfilerIntegration.CollectsPhaseAndFrame (500 ms)
[----------] 1 test from ProfilerIntegration (500 ms total)

[----------] 1 test from AdaptiveParamTest
[ RUN      ] AdaptiveParamTest.DriftBounded
[       OK ] AdaptiveParamTest.DriftBounded (1500 ms)
[----------] 1 test from AdaptiveParamTest (1500 ms total)

[----------] 1 test from SoAData
[ RUN      ] SoAData.ContiguousAndCorrect
[       OK ] SoAData.ContiguousAndCorrect (0 ms)
[----------] 1 test from SoAData (0 ms total)

[----------] 1 test from JobQueue
[ RUN      ] JobQueue.ExecutesEveryJob
[       OK ] JobQueue.ExecutesEveryJob (5 ms)
[----------] 1 test from JobQueue (5 ms total)

[----------] 1 test from PhaseGraph
[ RUN      ] PhaseGraph.EnforcesDepsAndRunsParallelFrontier
[       OK ] PhaseGraph.EnforcesDepsAndRunsParallelFrontier (101 ms)
[----------] 1 test from PhaseGraph (101 ms total)

[----------] 3 tests from ChunkAutoTune
[ RUN      ] ChunkAutoTune.ManyElementsTargetsChunksPerThread
[       OK ] ChunkAutoTune.ManyElementsTargetsChunksPerThread (10 ms)
[ RUN      ] ChunkAutoTune.SmallArrayClampedByMinChunk
[       OK ] ChunkAutoTune.SmallArrayClampedByMinChunk (10 ms)
[ RUN      ] ChunkAutoTune.DisabledUsesFixedChunk
[       OK ] ChunkAutoTune.DisabledUsesFixedChunk (10 ms)
[----------] 3 tests from ChunkAutoTune (30 ms total)

[----------] 1 test from DeterministicReduction
[ RUN      ] DeterministicReduction.SumDoubleStableAcrossThreads
[       OK ] DeterministicReduction.SumDoubleStableAcrossThreads (17 ms)
[----------] 1 test from DeterministicReduction (17 ms total)

[----------] Global test environment tear-down
[==========] 12 tests from 10 test suites ran. (6356 ms total)
[  PASSED  ] 12 tests.
<end of output>
Test time =   6.37 sec
----------------------------------------------------------
Test Passed.
"simcore_all" end time: Aug 12 21:43 MST
"simcore_all" time elapsed: 00:00:06
----------------------------------------------------------

End testing: Aug 12 21:43 MST
